<?xml version="1.0" encoding="UTF-8"?>
<testsuite xmlns:xsi="http://www.w3.org/2001/XMLSchema-instance" xsi:noNamespaceSchemaLocation="https://maven.apache.org/surefire/maven-surefire-plugin/xsd/surefire-test-report-3.0.xsd" version="3.0" name="TestSuite" time="99.838" tests="3" errors="0" skipped="0" failures="1">
  <properties>
[...]
</properties>
  <testcase name="validateTitleTest" classname="tests.ValidateTitle" time="1.422">
    <system-err><![CDATA[SLF4J: Failed to load class "org.slf4j.impl.StaticLoggerBinder".
SLF4J: Defaulting to no-operation (NOP) logger implementation
SLF4J: See http://www.slf4j.org/codes.html#StaticLoggerBinder for further details.
StartinStga rChtrinogm eCDhrrivoemr eD94r.0.i46v0e6.r6 19 (44.108.b47680f65.86381e d(04b118cb6798bfb548e5318eead002b512c16791b8b544e95115-erae0f2s/5b2r1a7n1ch8-5h4e9ad1s5/-4r6e0f6s@/{b#r12a0n4c}h)- hone apdosr/t 456508630@{
#O1n2l0y4 }lo)c aol connnectio npso rta r62e6 4a8ll
oOwneld.y 
lPloecaasle  csoeen nhetcttpiso:n/s/ charroem eadlrliovweerd..c
hPrloemasieu mse.oe rhgt/tspesc:ur/i/tcyh-rcoomnesdirdievreart.icohnrso mfiourm .sourggg/essetciuronits yo-nco nkeseipdiernga tCiohnrso mfeoDrr ivsuegrge ssatifeo.n
s on keeping ChromeDriver safe.
ChromeDriver was started successfuChllryo.m
eDriver was started successfully.
Starting ChromeDriver 94.0.4606.61 (418b78f5838ed0b1c69bb4e51ea0252171854915-refs/branch-heads/4606@{#1204}) on port 61222
Only local connections are allowed.
Please see https://chromedriver.chromium.org/security-considerations for suggestions on keeping ChromeDriver safe.
ChromeDriver was started successfully.
[[11663355551100882211..341][W3A4R2NI]N[GW]A:R NTIhNisG ]v:e rTshiios nv eorfs iCohromeDriver has not bnee nof  tCehsrtoemde Drwiivteh Chrome version 95.
r has not been tested with Chrome version 95.
[1635510821.541][WARNING]: This version of ChromeDriver has not been tested with Chrome version 95.
Oct 29, 2021 6:03:52 PM org.openqa.selenium.remote.ProtocolHandshake createSession
INFO: Detected dialect: W3C
Oct 29, 2021 6:03:52 PM org.openqa.selenium.remote.ProtocolHandshake createSession
INFO: Detected dialect: W3C
Oct 29, 2021 6:03:52 PM org.openqa.selenium.remote.ProtocolHandshake createSession
INFO: Detected dialect: W3C
Oct 29, 2021 6:03:54 PM org.openqa.selenium.devtools.CdpVersionFinder findNearestMatch
INFO: Found exact CDP implementation for version 95
Oct 29, 2021 6:03:54 PM org.openqa.selenium.devtools.CdpVersionFinder findNearestMatch
INFO: Found exact CDP implementation for version 95
Oct 29, 2021 6:03:54 PM org.openqa.selenium.devtools.CdpVersionFinder findNearestMatch
INFO: Found exact CDP implementation for version 95
]]></system-err>
  </testcase>
  <testcase name="validateLoginTest" classname="tests.LoginTest" time="13.734">
    <failure message="expected [abc] but found [Amazon Sign In]" type="java.lang.AssertionError"><![CDATA[java.lang.AssertionError: expected [abc] but found [Amazon Sign In]
	at tests.LoginTest.validateLoginTest(LoginTest.java:55)
]]></failure>
  </testcase>
  <testcase name="open" classname="tests.JDBCTest" time="19.804"/>
</testsuite>