<?xml version="1.0" encoding="UTF-8"?>
<testng-results skipped="0" failed="0" ignored="0" total="1" passed="1">
  <reporter-output>
  </reporter-output>
  <suite name="Default suite" duration-ms="22949" started-at="2021-10-29T17:47:12 IST" finished-at="2021-10-29T17:47:35 IST">
    <groups>
    </groups>
    <test name="Default test" duration-ms="22949" started-at="2021-10-29T17:47:12 IST" finished-at="2021-10-29T17:47:35 IST">
      <class name="tests.JDBCTest">
        <test-method status="PASS" signature="opening()[pri:0, instance:tests.JDBCTest@fe18270]" name="opening" duration-ms="22888" started-at="2021-10-29T17:47:12 IST" finished-at="2021-10-29T17:47:35 IST">
          <reporter-output>
          </reporter-output>
        </test-method> <!-- opening -->
      </class> <!-- tests.JDBCTest -->
    </test> <!-- Default test -->
  </suite> <!-- Default suite -->
</testng-results>
